<?xml version="1.0" encoding="UTF-8"?>
<!-- Generated by org.testng.reporters.JUnitReportReporter -->
<testsuite hostname="Dell" failures="0" tests="6" name="com.Tests.LoginTest" time="39.763" errors="0" timestamp="2023-11-19T16:25:43 IST" skipped="0">
  <testcase classname="com.Tests.LoginTest" name="loginWithValidCredentials" time="17.201"/>
  <system-out/>
  <testcase classname="com.Tests.LoginTest" name="loginWithInvalidCredentials" time="2.914"/>
  <system-out/>
  <testcase classname="com.Tests.LoginTest" name="loginWithEmptyFields" time="3.518"/>
  <system-out/>
  <testcase classname="com.Tests.LoginTest" name="loginWithInvalidUsername" time="2.735"/>
  <system-out/>
  <testcase classname="com.Tests.LoginTest" name="loginWithInvalidPassword" time="2.685"/>
  <system-out/>
  <testcase classname="com.Tests.LoginTest" name="loginWithIncorrectCredentialsMultipleTimes" time="10.710"/>
  <system-out/>
</testsuite> <!-- com.Tests.LoginTest -->
